<?xml version="1.0" encoding="UTF-8"?>
<!-- Generated by org.testng.reporters.JUnitReportReporter -->
<testsuite skipped="0" hostname="Infva06810" name="day4NG.NewTest" tests="1" failures="0" timestamp="11 Mar 2019 11:02:32 GMT" time="0.485" errors="0">
  <testcase name="f" time="0.485" classname="day4NG.NewTest"/>
</testsuite> <!-- day4NG.NewTest -->
