<?xml version="1.0" encoding="UTF-8"?>
<!-- Generated by org.testng.reporters.JUnitReportReporter -->
<testsuite skipped="0" hostname="Infva06810" name="day7NG.alertExample" tests="1" failures="0" timestamp="12 Mar 2019 06:45:00 GMT" time="16.706" errors="0">
  <testcase name="alertTest" time="16.706" classname="day7NG.alertExample"/>
</testsuite> <!-- day7NG.alertExample -->
