<?xml version="1.0" encoding="UTF-8"?>
<!-- Generated by org.testng.reporters.JUnitReportReporter -->
<testsuite skipped="0" hostname="Infva06810" name="day7NG.DeleteCookie" tests="1" failures="0" timestamp="12 Mar 2019 05:48:48 GMT" time="4.785" errors="0">
  <testcase name="f" time="4.785" classname="day7NG.DeleteCookie"/>
</testsuite> <!-- day7NG.DeleteCookie -->
