<?xml version="1.0" encoding="UTF-8"?>
<!-- Generated by org.testng.reporters.JUnitReportReporter -->
<testsuite skipped="0" hostname="Infva06810" name="day4NG.FirstNG" tests="2" failures="0" timestamp="09 Mar 2019 06:50:33 GMT" time="1.818" errors="0">
  <testcase name="titleTest" time="1.770" classname="day4NG.FirstNG"/>
  <testcase name="searchBoxTest" time="0.048" classname="day4NG.FirstNG"/>
</testsuite> <!-- day4NG.FirstNG -->
