<?xml version="1.0" encoding="UTF-8"?>
<!-- Generated by org.testng.reporters.JUnitReportReporter -->
<testsuite skipped="0" hostname="Infva06810" name="day7NG.CookieTest" tests="2" failures="0" timestamp="12 Mar 2019 04:44:31 GMT" time="0.569" errors="0">
  <testcase name="Google" time="0.569" classname="day7NG.CookieTest"/>
  <testcase name="f" time="0.000" classname="day7NG.CookieTest"/>
</testsuite> <!-- day7NG.CookieTest -->
